[2024-03-28 15:20:07,421: INFO: Welcome to our custom log]
[2024-03-28 15:22:50,750: INFO: Welcome to our custom log]
[2024-03-29 09:53:33,623:INFO:common:yaml file: config\config.yaml loaded successfully]
[2024-03-29 09:55:06,689:INFO:common:yaml file: config\config.yaml loaded successfully]
[2024-03-29 09:57:39,828:INFO:common:yaml file: config\config.yaml loaded successfully]
[2024-03-29 10:03:23,764:INFO:common:yaml file: config\config.yaml loaded successfully]
[2024-03-29 10:05:46,945:INFO:common:yaml file: config\config.yaml loaded successfully]
[2024-03-29 10:07:24,284:INFO:common:yaml file: config\config.yaml loaded successfully]
[2024-03-29 10:07:50,715:INFO:common:yaml file: config\config.yaml loaded successfully]
[2024-03-29 10:15:55,301:INFO:common:yaml file: config\config.yaml loaded successfully]
[2024-03-29 10:17:59,578:INFO:common:yaml file: config\config.yaml loaded successfully]
[2024-03-29 10:18:38,661:INFO:common:yaml file: config\config.yaml loaded successfully]
[2024-03-29 10:22:54,928:INFO:common:yaml file: config\config.yaml loaded successfully]
[2024-03-29 10:24:02,543:INFO:common:yaml file: config\config.yaml loaded successfully]
[2024-03-29 10:34:38,205:INFO:common:yaml file: config\config.yaml loaded successfully]
[2024-03-29 10:37:13,682:INFO:common:yaml file: config\config.yaml loaded successfully]
[2024-03-29 10:42:40,996:INFO:common:yaml file: config\config.yaml loaded successfully]
[2024-03-29 10:43:25,778:INFO:common:yaml file: config\config.yaml loaded successfully]
[2024-03-29 10:51:39,709:INFO:common:yaml file: config\config.yaml loaded successfully]
[2024-03-29 10:51:39,712:INFO:common:yaml file: params.yaml loaded successfully]
[2024-03-29 10:55:22,459:INFO:common:yaml file: config\config.yaml loaded successfully]
[2024-03-29 10:55:22,463:INFO:common:yaml file: params.yaml loaded successfully]
[2024-03-29 10:55:22,465:INFO:common:created directory at: artifacts]
[2024-03-29 10:55:22,466:INFO:common:created directory at: artifacts/data_ingestion]
[2024-03-29 10:55:22,469:INFO:1060046524:Downloading data from https://drive.google.com/file/d/1vlhZ5c7abUKF8xXERIw6m9Te8fW7ohw3/view?usp=sharing into file artifacts/data_ingestion/data.zip]
[2024-03-29 10:55:29,905:INFO:1060046524:Downloaded data from https://drive.google.com/file/d/1vlhZ5c7abUKF8xXERIw6m9Te8fW7ohw3/view?usp=sharing into file artifacts/data_ingestion/data.zip]
[2024-03-29 11:53:08,876: INFO: >>>>>> stage Data Ingestion stage started <<<<<<]
[2024-03-29 11:53:08,877: INFO: yaml file: config\config.yaml loaded successfully]
[2024-03-29 11:53:08,881: INFO: yaml file: params.yaml loaded successfully]
[2024-03-29 11:53:08,882: INFO: created directory at: artifacts]
[2024-03-29 11:53:08,883: INFO: created directory at: artifacts/data_ingestion]
[2024-03-29 11:53:08,883: INFO: Downloading data from https://drive.google.com/file/d/1vlhZ5c7abUKF8xXERIw6m9Te8fW7ohw3/view?usp=sharing into file artifacts/data_ingestion/data.zip]
[2024-03-29 11:53:16,055: INFO: Downloaded data from https://drive.google.com/file/d/1vlhZ5c7abUKF8xXERIw6m9Te8fW7ohw3/view?usp=sharing into file artifacts/data_ingestion/data.zip]
[2024-03-29 11:53:16,586: INFO: >>>>>> stage Data Ingestion stage completed <<<<<<

x==========x]
